2024-06-24 18:08:06,499 p=3444395 u=upszot n=ansible | [WARNING]: A duplicate localhost-like entry was found (localhost). First found localhost was 127.0.0.1

2024-06-24 18:08:06,598 p=3444395 u=upszot n=ansible | PLAY [all] **********************************************************************************************************************************************************************************************************************************
2024-06-24 18:08:06,609 p=3444395 u=upszot n=ansible | TASK [Gathering Facts] **********************************************************************************************************************************************************************************************************************
2024-06-24 18:08:07,746 p=3444395 u=upszot n=ansible | ok: [localhost]
2024-06-24 18:08:07,775 p=3444395 u=upszot n=ansible | TASK [include_role : 2do_parcial] ***********************************************************************************************************************************************************************************************************
2024-06-24 18:08:07,805 p=3444395 u=upszot n=ansible | TASK [2do_parcial : debug] ******************************************************************************************************************************************************************************************************************
2024-06-24 18:08:07,817 p=3444395 u=upszot n=ansible | ok: [localhost] => {
    "msg": "Tareas del 2do Parcial"
}
2024-06-24 18:08:07,836 p=3444395 u=upszot n=ansible | TASK [Otra tarea] ***************************************************************************************************************************************************************************************************************************
2024-06-24 18:08:07,851 p=3444395 u=upszot n=ansible | ok: [localhost] => {
    "msg": "Despues de la ejecucion del rol"
}
2024-06-24 18:08:07,885 p=3444395 u=upszot n=ansible | PLAY RECAP **********************************************************************************************************************************************************************************************************************************
2024-06-24 18:08:07,885 p=3444395 u=upszot n=ansible | localhost                  : ok=3    changed=0    unreachable=0    failed=0    skipped=0    rescued=0    ignored=0   
2025-11-11 01:49:01,311 p=6161 u=matias n=ansible | - Role role_2do_parcial was created successfully
2025-11-11 01:52:58,294 p=6172 u=matias n=ansible | [WARNING]: provided hosts list is empty, only localhost is available. Note that the implicit localhost does not match 'all'

2025-11-11 01:52:58,721 p=6172 u=matias n=ansible | PLAY [Ejecutar configuración del 2do parcial] **************************************************************************************************************************
2025-11-11 01:52:58,740 p=6172 u=matias n=ansible | TASK [Gathering Facts] *************************************************************************************************************************************************
2025-11-11 01:53:01,332 p=6172 u=matias n=ansible | ok: [localhost]
2025-11-11 01:53:01,345 p=6172 u=matias n=ansible | TASK [role_2do_parcial : Crear directorios de trabajo] *****************************************************************************************************************
2025-11-11 01:53:01,892 p=6172 u=matias n=ansible | changed: [localhost] => (item=alumno)
2025-11-11 01:53:02,212 p=6172 u=matias n=ansible | changed: [localhost] => (item=equipo)
2025-11-11 01:53:02,228 p=6172 u=matias n=ansible | TASK [role_2do_parcial : Generar datos del alumno] *********************************************************************************************************************
2025-11-11 01:53:03,176 p=6172 u=matias n=ansible | changed: [localhost]
2025-11-11 01:53:03,189 p=6172 u=matias n=ansible | TASK [role_2do_parcial : Generar datos del equipo] *********************************************************************************************************************
2025-11-11 01:53:03,792 p=6172 u=matias n=ansible | changed: [localhost]
2025-11-11 01:53:03,804 p=6172 u=matias n=ansible | TASK [role_2do_parcial : Crear grupo 2PSupervisores] *******************************************************************************************************************
2025-11-11 01:53:04,371 p=6172 u=matias n=ansible | changed: [localhost]
2025-11-11 01:53:04,384 p=6172 u=matias n=ansible | TASK [role_2do_parcial : Permitir sudo sin contraseña para 2PSupervisores] *********************************************************************************************
2025-11-11 01:53:04,977 p=6172 u=matias n=ansible | changed: [localhost]
2025-11-11 01:53:04,990 p=6172 u=matias n=ansible | PLAY RECAP *************************************************************************************************************************************************************
2025-11-11 01:53:04,990 p=6172 u=matias n=ansible | localhost                  : ok=6    changed=5    unreachable=0    failed=0    skipped=0    rescued=0    ignored=0   
